<?xml version="1.0" encoding="UTF-8"?>
<!-- Generated by org.testng.reporters.JUnitXMLReporter -->
<testsuite hostname="RCAS002" ignored="0" name="UnitVisibiltyTest" tests="7" failures="4" timestamp="04 Sep 2019 09:48:15 GMT" time="179.499" errors="0">
  <testcase name="@AfterClass VerifyLogOut" time="5.291" classname="FlightFollowing.BaseClass">
    <failure type="java.lang.AssertionError" message="expected [Login] but found [Session Expired]">
      <![CDATA[java.lang.AssertionError: expected [Login] but found [Session Expired]
at FlightFollowing.BaseClass.VerifyLogOut(BaseClass.java:153)
at java.util.concurrent.ThreadPoolExecutor.runWorker(Unknown Source)
at java.util.concurrent.ThreadPoolExecutor$Worker.run(Unknown Source)
at java.lang.Thread.run(Unknown Source)
... Removed 17 stack frames]]>
    </failure>
  </testcase> <!-- @AfterClass VerifyLogOut -->
  <testcase name="verifyHomepageTitle" time="14.431" classname="FlightFollowing.BaseClass"/>
  <testcase name="VerifyLoadDataWindow" time="32.89" classname="FlightFollowing.BaseClass"/>
  <testcase name="VerifyAircraft" time="0.979" classname="FlightFollowing.UnitVisibility"/>
  <testcase name="VerifyShowAllNone" time="30.057" classname="FlightFollowing.UnitVisibility">
    <failure type="org.openqa.selenium.NoSuchFrameException" message="No frame element found by name or id DisplayWindow
Build info: version: &amp;apos;3.8.1&amp;apos;, revision: &amp;apos;6e95a6684b&amp;apos;, time: &amp;apos;2017-12-01T19:05:14.666Z&amp;apos;
System info: host: &amp;apos;RCAS002&amp;apos;, ip: &amp;apos;192.168.20.10&amp;apos;, os.name: &amp;apos;Windows 7&amp;apos;, os.arch: &amp;apos;amd64&amp;apos;, os.version: &amp;apos;6.1&amp;apos;, java.version: &amp;apos;1.8.0_161&amp;apos;
Driver info: driver.version: unknown">
      <![CDATA[org.openqa.selenium.NoSuchFrameException: No frame element found by name or id DisplayWindow
Build info: version: '3.8.1', revision: '6e95a6684b', time: '2017-12-01T19:05:14.666Z'
System info: host: 'RCAS002', ip: '192.168.20.10', os.name: 'Windows 7', os.arch: 'amd64', os.version: '6.1', java.version: '1.8.0_161'
Driver info: driver.version: unknown
at org.openqa.selenium.remote.RemoteWebDriver$RemoteTargetLocator.frame(RemoteWebDriver.java:940)
at FlightFollowing.UnitVisibility.VerifyShowAllNone(UnitVisibility.java:33)
at java.util.concurrent.ThreadPoolExecutor.runWorker(Unknown Source)
at java.util.concurrent.ThreadPoolExecutor$Worker.run(Unknown Source)
at java.lang.Thread.run(Unknown Source)
... Removed 10 stack frames]]>
    </failure>
  </testcase> <!-- VerifyShowAllNone -->
  <testcase name="VerifyShowHidden" time="31.033" classname="FlightFollowing.UnitVisibility">
    <failure type="org.openqa.selenium.NoSuchFrameException" message="No frame element found by name or id DisplayWindow
Build info: version: &amp;apos;3.8.1&amp;apos;, revision: &amp;apos;6e95a6684b&amp;apos;, time: &amp;apos;2017-12-01T19:05:14.666Z&amp;apos;
System info: host: &amp;apos;RCAS002&amp;apos;, ip: &amp;apos;192.168.20.10&amp;apos;, os.name: &amp;apos;Windows 7&amp;apos;, os.arch: &amp;apos;amd64&amp;apos;, os.version: &amp;apos;6.1&amp;apos;, java.version: &amp;apos;1.8.0_161&amp;apos;
Driver info: driver.version: unknown">
      <![CDATA[org.openqa.selenium.NoSuchFrameException: No frame element found by name or id DisplayWindow
Build info: version: '3.8.1', revision: '6e95a6684b', time: '2017-12-01T19:05:14.666Z'
System info: host: 'RCAS002', ip: '192.168.20.10', os.name: 'Windows 7', os.arch: 'amd64', os.version: '6.1', java.version: '1.8.0_161'
Driver info: driver.version: unknown
at org.openqa.selenium.remote.RemoteWebDriver$RemoteTargetLocator.frame(RemoteWebDriver.java:940)
at FlightFollowing.UnitVisibility.VerifyShowHidden(UnitVisibility.java:129)
at java.util.concurrent.ThreadPoolExecutor.runWorker(Unknown Source)
at java.util.concurrent.ThreadPoolExecutor$Worker.run(Unknown Source)
at java.lang.Thread.run(Unknown Source)
... Removed 10 stack frames]]>
    </failure>
  </testcase> <!-- VerifyShowHidden -->
  <testcase name="ShowSelected" time="30.996" classname="FlightFollowing.UnitVisibility">
    <failure type="org.openqa.selenium.NoSuchFrameException" message="No frame element found by name or id DisplayWindow
Build info: version: &amp;apos;3.8.1&amp;apos;, revision: &amp;apos;6e95a6684b&amp;apos;, time: &amp;apos;2017-12-01T19:05:14.666Z&amp;apos;
System info: host: &amp;apos;RCAS002&amp;apos;, ip: &amp;apos;192.168.20.10&amp;apos;, os.name: &amp;apos;Windows 7&amp;apos;, os.arch: &amp;apos;amd64&amp;apos;, os.version: &amp;apos;6.1&amp;apos;, java.version: &amp;apos;1.8.0_161&amp;apos;
Driver info: driver.version: unknown">
      <![CDATA[org.openqa.selenium.NoSuchFrameException: No frame element found by name or id DisplayWindow
Build info: version: '3.8.1', revision: '6e95a6684b', time: '2017-12-01T19:05:14.666Z'
System info: host: 'RCAS002', ip: '192.168.20.10', os.name: 'Windows 7', os.arch: 'amd64', os.version: '6.1', java.version: '1.8.0_161'
Driver info: driver.version: unknown
at org.openqa.selenium.remote.RemoteWebDriver$RemoteTargetLocator.frame(RemoteWebDriver.java:940)
at FlightFollowing.UnitVisibility.ShowSelected(UnitVisibility.java:174)
at java.util.concurrent.ThreadPoolExecutor.runWorker(Unknown Source)
at java.util.concurrent.ThreadPoolExecutor$Worker.run(Unknown Source)
at java.lang.Thread.run(Unknown Source)
... Removed 10 stack frames]]>
    </failure>
  </testcase> <!-- ShowSelected -->
  <testcase name="UnitvisibilitySanity" time="31.035" classname="FlightFollowing.UnitVisibility">
    <failure type="org.openqa.selenium.NoSuchFrameException" message="No frame element found by name or id DisplayWindow
Build info: version: &amp;apos;3.8.1&amp;apos;, revision: &amp;apos;6e95a6684b&amp;apos;, time: &amp;apos;2017-12-01T19:05:14.666Z&amp;apos;
System info: host: &amp;apos;RCAS002&amp;apos;, ip: &amp;apos;192.168.20.10&amp;apos;, os.name: &amp;apos;Windows 7&amp;apos;, os.arch: &amp;apos;amd64&amp;apos;, os.version: &amp;apos;6.1&amp;apos;, java.version: &amp;apos;1.8.0_161&amp;apos;
Driver info: driver.version: unknown">
      <![CDATA[org.openqa.selenium.NoSuchFrameException: No frame element found by name or id DisplayWindow
Build info: version: '3.8.1', revision: '6e95a6684b', time: '2017-12-01T19:05:14.666Z'
System info: host: 'RCAS002', ip: '192.168.20.10', os.name: 'Windows 7', os.arch: 'amd64', os.version: '6.1', java.version: '1.8.0_161'
Driver info: driver.version: unknown
at org.openqa.selenium.remote.RemoteWebDriver$RemoteTargetLocator.frame(RemoteWebDriver.java:940)
at FlightFollowing.UnitVisibility.UnitvisibilitySanity(UnitVisibility.java:216)
at java.util.concurrent.ThreadPoolExecutor.runWorker(Unknown Source)
at java.util.concurrent.ThreadPoolExecutor$Worker.run(Unknown Source)
at java.lang.Thread.run(Unknown Source)
... Removed 10 stack frames]]>
    </failure>
  </testcase> <!-- UnitvisibilitySanity -->
</testsuite> <!-- UnitVisibiltyTest -->
